<?xml version="1.0" encoding="UTF-8"?>
<testsuite name="com.unistgympeople.ApplicationTest" time="0.2" tests="31" errors="0" skipped="0" failures="0">
  <properties>
    <property name="idea.version" value="2023.1.1"/>
    <property name="java.runtime.name" value="Java(TM) SE Runtime Environment"/>
    <property name="java.vm.version" value="17.0.6+9-LTS-190"/>
    <property name="sun.boot.library.path" value="C:\Program Files\Java\jdk-17\bin"/>
    <property name="maven.multiModuleProjectDirectory" value="D:\Assignment\2023_1st\CSE364Project_main"/>
    <property name="java.vm.vendor" value="Oracle Corporation"/>
    <property name="java.vendor.url" value="https://java.oracle.com/"/>
    <property name="guice.disable.misplaced.annotation.check" value="true"/>
    <property name="path.separator" value=";"/>
    <property name="java.vm.name" value="Java HotSpot(TM) 64-Bit Server VM"/>
    <property name="sun.os.patch.level" value=""/>
    <property name="user.script" value=""/>
    <property name="user.country" value="KR"/>
    <property name="sun.java.launcher" value="SUN_STANDARD"/>
    <property name="java.vm.specification.name" value="Java Virtual Machine Specification"/>
    <property name="user.dir" value="D:\Assignment\2023_1st\CSE364Project_main"/>
    <property name="java.vm.compressedOopsMode" value="Zero based"/>
    <property name="java.runtime.version" value="17.0.6+9-LTS-190"/>
    <property name="os.arch" value="amd64"/>
    <property name="java.io.tmpdir" value="C:\Users\1567w\AppData\Local\Temp\"/>
    <property name="line.separator" value="&#10;"/>
    <property name="java.vm.specification.vendor" value="Oracle Corporation"/>
    <property name="user.variant" value=""/>
    <property name="os.name" value="Windows 11"/>
    <property name="maven.ext.class.path" value="C:\Program Files\JetBrains\IntelliJ IDEA Community Edition 2022.3.2\plugins\maven\lib\maven-event-listener.jar"/>
    <property name="classworlds.conf" value="C:\Program Files\JetBrains\IntelliJ IDEA Community Edition 2022.3.2\plugins\maven\lib\maven3\bin\m2.conf"/>
    <property name="sun.jnu.encoding" value="MS949"/>
    <property name="java.library.path" value="C:\Program Files\Java\jdk-17\bin;C:\WINDOWS\Sun\Java\bin;C:\WINDOWS\system32;C:\WINDOWS;C:\Program Files\Common Files\Oracle\Java\javapath;C:\Program Files\Microsoft\jdk-11.0.12.7-hotspot\bin;C:\WINDOWS\system32;C:\WINDOWS;C:\WINDOWS\System32\Wbem;C:\WINDOWS\System32\WindowsPowerShell\v1.0\;C:\WINDOWS\System32\OpenSSH\;C:\Program Files\dotnet\;C:\Program Files\CMake\bin;C:\Program Files (x86)\NVIDIA Corporation\PhysX\Common;C:\Program Files\NVIDIA Corporation\NVIDIA NvDLISR;C:\Program Files\Bandizip\;C:\WINDOWS\system32;C:\WINDOWS;C:\WINDOWS\System32\Wbem;C:\WINDOWS\System32\WindowsPowerShell\v1.0\;C:\WINDOWS\System32\OpenSSH\;C:\ProgramData\chocolatey\bin;%MAVEN_HOME%\bin;C:\Program Files (x86)\Pulse Secure\VC142.CRT\X64\;C:\Program Files (x86)\Pulse Secure\VC142.CRT\X86\;C:\Program Files\Git\cmd;C:\curl-8.0.1_5-win64-mingw;;C:\Program Files\Docker\Docker\resources\bin;C:\Users\1567w\AppData\Local\Programs\Python\Python311\Scripts\;C:\Users\1567w\AppData\Local\Programs\Python\Python311\;C:\Users\1567w\AppData\Local\Microsoft\WindowsApps;C:\Users\1567w\.dotnet\tools;;."/>
    <property name="jansi.passthrough" value="true"/>
    <property name="maven.conf" value="C:\Program Files\JetBrains\IntelliJ IDEA Community Edition 2022.3.2\plugins\maven\lib\maven3/conf"/>
    <property name="jdk.debug" value="release"/>
    <property name="java.class.version" value="61.0"/>
    <property name="java.specification.name" value="Java Platform API Specification"/>
    <property name="sun.management.compiler" value="HotSpot 64-Bit Tiered Compilers"/>
    <property name="os.version" value="10.0"/>
    <property name="user.home" value="C:\Users\1567w"/>
    <property name="user.timezone" value="Asia/Seoul"/>
    <property name="file.encoding" value="UTF-8"/>
    <property name="java.specification.version" value="17"/>
    <property name="user.name" value="1567w"/>
    <property name="java.class.path" value="C:\Program Files\JetBrains\IntelliJ IDEA Community Edition 2022.3.2\plugins\maven\lib\maven3\boot\plexus-classworlds-2.6.0.jar;C:\Program Files\JetBrains\IntelliJ IDEA Community Edition 2022.3.2\plugins\maven\lib\maven3\boot\plexus-classworlds.license"/>
    <property name="java.vm.specification.version" value="17"/>
    <property name="sun.arch.data.model" value="64"/>
    <property name="sun.java.command" value="org.codehaus.classworlds.Launcher -Didea.version=2023.1.1 package"/>
    <property name="java.home" value="C:\Program Files\Java\jdk-17"/>
    <property name="user.language" value="ko"/>
    <property name="java.specification.vendor" value="Oracle Corporation"/>
    <property name="java.vm.info" value="mixed mode, sharing"/>
    <property name="java.version" value="17.0.6"/>
    <property name="native.encoding" value="MS949"/>
    <property name="java.vendor" value="Oracle Corporation"/>
    <property name="maven.home" value="C:\Program Files\JetBrains\IntelliJ IDEA Community Edition 2022.3.2\plugins\maven\lib\maven3"/>
    <property name="file.separator" value="\"/>
    <property name="java.version.date" value="2023-01-17"/>
    <property name="java.vendor.url.bug" value="https://bugreport.java.com/bugreport/"/>
    <property name="sun.io.unicode.encoding" value="UnicodeLittle"/>
    <property name="sun.cpu.endian" value="little"/>
    <property name="sun.cpu.isalist" value="amd64"/>
  </properties>
  <testcase name="testRegisterWebSocketHandler" classname="com.unistgympeople.ApplicationTest" time="0.078"/>
  <testcase name="GetCalenderByMemberTest" classname="com.unistgympeople.ApplicationTest" time="0.004"/>
  <testcase name="testgenerateUsernumModel" classname="com.unistgympeople.ApplicationTest" time="0.002"/>
  <testcase name="GetCalenderByMemberAndDateTest" classname="com.unistgympeople.ApplicationTest" time="0.002"/>
  <testcase name="CalenderModelTest" classname="com.unistgympeople.ApplicationTest" time="0.003"/>
  <testcase name="CalenderServiceTest" classname="com.unistgympeople.ApplicationTest" time="0.001"/>
  <testcase name="GetExerciseServiceByTypeTest" classname="com.unistgympeople.ApplicationTest" time="0.009"/>
  <testcase name="PostCalenderServiceTest" classname="com.unistgympeople.ApplicationTest" time="0.004"/>
  <testcase name="testFindAllRoom" classname="com.unistgympeople.ApplicationTest" time="0.004"/>
  <testcase name="testGetCalenderServiceCalorieByMemberAndDateError" classname="com.unistgympeople.ApplicationTest" time="0.003"/>
  <testcase name="GetCalenderCalorieErrorTest" classname="com.unistgympeople.ApplicationTest" time="0.002"/>
  <testcase name="PostExerciseTest" classname="com.unistgympeople.ApplicationTest" time="0.002"/>
  <testcase name="GetCalenderServiceByMemberTest" classname="com.unistgympeople.ApplicationTest" time="0.003"/>
  <testcase name="testSendMessage" classname="com.unistgympeople.ApplicationTest" time="0.004"/>
  <testcase name="testUserController" classname="com.unistgympeople.ApplicationTest" time="0.014"/>
  <testcase name="testCreateRoom" classname="com.unistgympeople.ApplicationTest" time="0.003"/>
  <testcase name="GetExerciseByTypeTest" classname="com.unistgympeople.ApplicationTest" time="0.002"/>
  <testcase name="ExerciseModelTest" classname="com.unistgympeople.ApplicationTest" time="0.002"/>
  <testcase name="GetAllExerciseTest" classname="com.unistgympeople.ApplicationTest" time="0.003"/>
  <testcase name="testUsernumService" classname="com.unistgympeople.ApplicationTest" time="0.009"/>
  <testcase name="testFindRoomById" classname="com.unistgympeople.ApplicationTest" time="0.002"/>
  <testcase name="testUserService" classname="com.unistgympeople.ApplicationTest" time="0.011"/>
  <testcase name="testgenerateUserModel" classname="com.unistgympeople.ApplicationTest" time="0.001"/>
  <testcase name="GetAllExerciseServiceTest" classname="com.unistgympeople.ApplicationTest" time="0.001"/>
  <testcase name="GetCalenderCalorieTest" classname="com.unistgympeople.ApplicationTest" time="0.002"/>
  <testcase name="ExerciseServiceTest" classname="com.unistgympeople.ApplicationTest" time="0.001"/>
  <testcase name="GetCalenderServiceByMemberAndDateTest" classname="com.unistgympeople.ApplicationTest" time="0.002"/>
  <testcase name="GetCalenderServiceCalorieByMemberAndDateTest" classname="com.unistgympeople.ApplicationTest" time="0.002"/>
  <testcase name="GetCalenderCalorieEmptyTest" classname="com.unistgympeople.ApplicationTest" time="0.002"/>
  <testcase name="PostExerciseServiceTest" classname="com.unistgympeople.ApplicationTest" time="0.002"/>
  <testcase name="testSingleHandleTextMessage" classname="com.unistgympeople.ApplicationTest" time="0.02"/>
</testsuite>